Log file open, 01/15/20 15:11:41
LogWindows: Failed to load 'aqProf.dll' (GetLastError=126)
LogWindows: File 'aqProf.dll' does not exist
LogWindows: Failed to load 'VtuneApi.dll' (GetLastError=126)
LogWindows: File 'VtuneApi.dll' does not exist
LogWindows: Failed to load 'VtuneApi32e.dll' (GetLastError=126)
LogWindows: File 'VtuneApi32e.dll' does not exist
LogInit: Display: Running engine for game: Unreal_Demo
LogPlatformFile: Not using cached read wrapper
LogInit: Display: RandInit(-882024174) SRandInit(-882024174).
LogInit: Read version file with build ID '3944462'
LogInit: Overriding engine version to CL 4033788, compatible CL 3944462
LogInit: Registered custom module enumerator with build ID '3944462'
LogTaskGraph: Started task graph with 5 named threads and 14 total threads with 3 sets of task threads.
LogStats: Stats thread started at 0.183803
LogD3D11RHI: Aftermath initialized
LogICUInternationalization: Display: ICU TimeZone Detection - Raw Offset: +0:00, Platform Override: ''
LogModuleManager: Display: Found up-to-date module file ../../../Engine/Plugins/2D/Paper2D/Binaries/Win64/UE4Editor-Paper2D.dll (API version 3944462).
LogModuleManager: Display: Found up-to-date module file ../../../Engine/Plugins/2D/Paper2D/Binaries/Win64/UE4Editor-Paper2DEditor.dll (API version 3944462).
LogModuleManager: Display: Found up-to-date module file ../../../Engine/Plugins/2D/Paper2D/Binaries/Win64/UE4Editor-PaperSpriteSheetImporter.dll (API version 3944462).
LogModuleManager: Display: Found up-to-date module file ../../../Engine/Plugins/2D/Paper2D/Binaries/Win64/UE4Editor-PaperTiledImporter.dll (API version 3944462).
LogModuleManager: Display: Found up-to-date module file ../../../Engine/Plugins/2D/Paper2D/Binaries/Win64/UE4Editor-SmartSnapping.dll (API version 3944462).
LogModuleManager: Display: Found up-to-date module file ../../../Engine/Plugins/Blendables/LightPropagationVolume/Binaries/Win64/UE4Editor-LightPropagationVolumeRuntime.dll (API version 3944462).
LogModuleManager: Display: Found up-to-date module file ../../../Engine/Plugins/Blendables/LightPropagationVolume/Binaries/Win64/UE4Editor-LightPropagationVolumeEditor.dll (API version 3944462).
LogModuleManager: Display: Found up-to-date module file ../../../Engine/Plugins/Developer/CLionSourceCodeAccess/Binaries/Win64/UE4Editor-CLionSourceCodeAccess.dll (API version 3944462).
LogModuleManager: Display: Found up-to-date module file ../../../Engine/Plugins/Developer/GitSourceControl/Binaries/Win64/UE4Editor-GitSourceControl.dll (API version 3944462).
LogModuleManager: Display: Found up-to-date module file ../../../Engine/Plugins/Developer/PerforceSourceControl/Binaries/Win64/UE4Editor-PerforceSourceControl.dll (API version 3944462).
LogModuleManager: Display: Found up-to-date module file ../../../Engine/Plugins/Developer/SubversionSourceControl/Binaries/Win64/UE4Editor-SubversionSourceControl.dll (API version 3944462).
LogModuleManager: Display: Found up-to-date module file ../../../Engine/Plugins/Developer/UObjectPlugin/Binaries/Win64/UE4Editor-UObjectPlugin.dll (API version 3944462).
LogModuleManager: Display: Found up-to-date module file ../../../Engine/Plugins/Developer/VisualStudioCodeSourceCodeAccess/Binaries/Win64/UE4Editor-VisualStudioCodeSourceCodeAccess.dll (API version 3944462).
LogModuleManager: Display: Found up-to-date module file ../../../Engine/Plugins/Developer/VisualStudioSourceCodeAccess/Binaries/Win64/UE4Editor-VisualStudioSourceCodeAccess.dll (API version 3944462).
LogModuleManager: Display: Found up-to-date module file ../../../Engine/Plugins/Editor/AssetManagerEditor/Binaries/Win64/UE4Editor-AssetManagerEditor.dll (API version 3944462).
LogModuleManager: Display: Found up-to-date module file ../../../Engine/Plugins/Editor/CryptoKeys/Binaries/Win64/UE4Editor-CryptoKeys.dll (API version 3944462).
LogModuleManager: Display: Found up-to-date module file ../../../Engine/Plugins/Editor/CryptoKeys/Binaries/Win64/UE4Editor-CryptoKeysOpenSSL.dll (API version 3944462).
LogModuleManager: Display: Found up-to-date module file ../../../Engine/Plugins/Editor/DataValidation/Binaries/Win64/UE4Editor-DataValidation.dll (API version 3944462).
LogModuleManager: Display: Found up-to-date module file ../../../Engine/Plugins/Editor/FacialAnimation/Binaries/Win64/UE4Editor-FacialAnimation.dll (API version 3944462).
LogModuleManager: Display: Found up-to-date module file ../../../Engine/Plugins/Editor/FacialAnimation/Binaries/Win64/UE4Editor-FacialAnimationEditor.dll (API version 3944462).
LogModuleManager: Display: Found up-to-date module file ../../../Engine/Plugins/Editor/GameplayTagsEditor/Binaries/Win64/UE4Editor-GameplayTagsEditor.dll (API version 3944462).
LogModuleManager: Display: Found up-to-date module file ../../../Engine/Plugins/Editor/MobileLauncherProfileWizard/Binaries/Win64/UE4Editor-MobileLauncherProfileWizard.dll (API version 3944462).
LogModuleManager: Display: Found up-to-date module file ../../../Engine/Plugins/Editor/PluginBrowser/Binaries/Win64/UE4Editor-PluginBrowser.dll (API version 3944462).
LogModuleManager: Display: Found up-to-date module file ../../../Engine/Plugins/Editor/SpeedTreeImporter/Binaries/Win64/UE4Editor-SpeedTreeImporter.dll (API version 3944462).
LogModuleManager: Display: Found up-to-date module file ../../../Engine/Plugins/Enterprise/DatasmithContent/Binaries/Win64/UE4Editor-DatasmithContent.dll (API version 3944462).
LogModuleManager: Display: Found up-to-date module file ../../../Engine/Plugins/Experimental/AlembicImporter/Binaries/Win64/UE4Editor-AlembicImporter.dll (API version 3944462).
LogModuleManager: Display: Found up-to-date module file ../../../Engine/Plugins/Experimental/AlembicImporter/Binaries/Win64/UE4Editor-AlembicLibrary.dll (API version 3944462).
LogModuleManager: Display: Found up-to-date module file ../../../Engine/Plugins/Experimental/CharacterAI/Binaries/Win64/UE4Editor-CharacterAI.dll (API version 3944462).
LogModuleManager: Display: Found up-to-date module file ../../../Engine/Plugins/Experimental/HTML5Networking/Binaries/Win64/UE4Editor-HTML5Networking.dll (API version 3944462).
LogModuleManager: Display: Found up-to-date module file ../../../Engine/Plugins/Media/AndroidMedia/Binaries/Win64/UE4Editor-AndroidMediaEditor.dll (API version 3944462).
LogModuleManager: Display: Found up-to-date module file ../../../Engine/Plugins/Media/AndroidMedia/Binaries/Win64/UE4Editor-AndroidMediaFactory.dll (API version 3944462).
LogModuleManager: Display: Found up-to-date module file ../../../Engine/Plugins/Media/AvfMedia/Binaries/Win64/UE4Editor-AvfMediaEditor.dll (API version 3944462).
LogModuleManager: Display: Found up-to-date module file ../../../Engine/Plugins/Media/AvfMedia/Binaries/Win64/UE4Editor-AvfMediaFactory.dll (API version 3944462).
LogModuleManager: Display: Found up-to-date module file ../../../Engine/Plugins/Media/AvfMedia/Binaries/Win64/UE4Editor-AvfMediaFactory.dll (API version 3944462).
LogModuleManager: Display: Found up-to-date module file ../../../Engine/Plugins/Media/ImgMedia/Binaries/Win64/UE4Editor-ImgMedia.dll (API version 3944462).
LogModuleManager: Display: Found up-to-date module file ../../../Engine/Plugins/Media/ImgMedia/Binaries/Win64/UE4Editor-ImgMediaEditor.dll (API version 3944462).
LogModuleManager: Display: Found up-to-date module file ../../../Engine/Plugins/Media/ImgMedia/Binaries/Win64/UE4Editor-ImgMediaFactory.dll (API version 3944462).
LogModuleManager: Display: Found up-to-date module file ../../../Engine/Plugins/Media/ImgMedia/Binaries/Win64/UE4Editor-ImgMediaFactory.dll (API version 3944462).
LogModuleManager: Display: Found up-to-date module file ../../../Engine/Plugins/Media/ImgMedia/Binaries/Win64/UE4Editor-OpenExrWrapper.dll (API version 3944462).
LogModuleManager: Display: Found up-to-date module file ../../../Engine/Plugins/Media/LinearTimecode/Binaries/Win64/UE4Editor-LinearTimecode.dll (API version 3944462).
LogModuleManager: Display: Found up-to-date module file ../../../Engine/Plugins/Media/MediaCompositing/Binaries/Win64/UE4Editor-MediaCompositing.dll (API version 3944462).
LogModuleManager: Display: Found up-to-date module file ../../../Engine/Plugins/Media/MediaCompositing/Binaries/Win64/UE4Editor-MediaCompositingEditor.dll (API version 3944462).
LogModuleManager: Display: Found up-to-date module file ../../../Engine/Plugins/Media/MediaPlayerEditor/Binaries/Win64/UE4Editor-MediaPlayerEditor.dll (API version 3944462).
LogModuleManager: Display: Found up-to-date module file ../../../Engine/Plugins/Media/WmfMedia/Binaries/Win64/UE4Editor-WmfMedia.dll (API version 3944462).
LogModuleManager: Display: Found up-to-date module file ../../../Engine/Plugins/Media/WmfMedia/Binaries/Win64/UE4Editor-WmfMediaEditor.dll (API version 3944462).
LogModuleManager: Display: Found up-to-date module file ../../../Engine/Plugins/Media/WmfMedia/Binaries/Win64/UE4Editor-WmfMediaFactory.dll (API version 3944462).
LogModuleManager: Display: Found up-to-date module file ../../../Engine/Plugins/Media/WmfMedia/Binaries/Win64/UE4Editor-WmfMediaFactory.dll (API version 3944462).
LogModuleManager: Display: Found up-to-date module file ../../../Engine/Plugins/Messaging/TcpMessaging/Binaries/Win64/UE4Editor-TcpMessaging.dll (API version 3944462).
LogModuleManager: Display: Found up-to-date module file ../../../Engine/Plugins/Messaging/UdpMessaging/Binaries/Win64/UE4Editor-UdpMessaging.dll (API version 3944462).
LogModuleManager: Display: Found up-to-date module file ../../../Engine/Plugins/MovieScene/ActorSequence/Binaries/Win64/UE4Editor-ActorSequence.dll (API version 3944462).
LogModuleManager: Display: Found up-to-date module file ../../../Engine/Plugins/MovieScene/LevelSequenceEditor/Binaries/Win64/UE4Editor-LevelSequenceEditor.dll (API version 3944462).
LogModuleManager: Display: Found up-to-date module file ../../../Engine/Plugins/MovieScene/MatineeToLevelSequence/Binaries/Win64/UE4Editor-MatineeToLevelSequence.dll (API version 3944462).
LogModuleManager: Display: Found up-to-date module file ../../../Engine/Plugins/NetcodeUnitTest/NetcodeUnitTest/Binaries/Win64/UE4Editor-NetcodeUnitTest.dll (API version 3944462).
LogModuleManager: Display: Found up-to-date module file ../../../Engine/Plugins/NetcodeUnitTest/NUTUnrealEngine4/Binaries/Win64/UE4Editor-NUTUnrealEngine4.dll (API version 3944462).
LogModuleManager: Display: Found up-to-date module file ../../../Engine/Plugins/Online/OnlineSubsystem/Binaries/Win64/UE4Editor-OnlineSubsystem.dll (API version 3944462).
LogModuleManager: Display: Found up-to-date module file ../../../Engine/Plugins/Runtime/AndroidPermission/Binaries/Win64/UE4Editor-AndroidPermission.dll (API version 3944462).
LogModuleManager: Display: Found up-to-date module file ../../../Engine/Plugins/Online/OnlineSubsystemNull/Binaries/Win64/UE4Editor-OnlineSubsystemNull.dll (API version 3944462).
LogModuleManager: Display: Found up-to-date module file ../../../Engine/Plugins/Online/OnlineSubsystemUtils/Binaries/Win64/UE4Editor-OnlineSubsystemUtils.dll (API version 3944462).
LogModuleManager: Display: Found up-to-date module file ../../../Engine/Plugins/Online/OnlineSubsystemUtils/Binaries/Win64/UE4Editor-OnlineBlueprintSupport.dll (API version 3944462).
LogModuleManager: Display: Found up-to-date module file ../../../Engine/Plugins/Runtime/AndroidDeviceProfileSelector/Binaries/Win64/UE4Editor-AndroidDeviceProfileSelector.dll (API version 3944462).
LogModuleManager: Display: Found up-to-date module file ../../../Engine/Plugins/Runtime/AppleARKit/Binaries/Win64/UE4Editor-AppleARKit.dll (API version 3944462).
LogModuleManager: Display: Found up-to-date module file ../../../Engine/Plugins/Runtime/ProceduralMeshComponent/Binaries/Win64/UE4Editor-ProceduralMeshComponent.dll (API version 3944462).
LogModuleManager: Display: Found up-to-date module file ../../../Engine/Plugins/Runtime/ProceduralMeshComponent/Binaries/Win64/UE4Editor-ProceduralMeshComponentEditor.dll (API version 3944462).
LogModuleManager: Display: Found up-to-date module file ../../../Engine/Plugins/Animation/LiveLink/Binaries/Win64/UE4Editor-LiveLink.dll (API version 3944462).
LogModuleManager: Display: Found up-to-date module file ../../../Engine/Plugins/Animation/LiveLink/Binaries/Win64/UE4Editor-LiveLinkEditor.dll (API version 3944462).
LogModuleManager: Display: Found up-to-date module file ../../../Engine/Plugins/Runtime/ArchVisCharacter/Binaries/Win64/UE4Editor-ArchVisCharacter.dll (API version 3944462).
LogModuleManager: Display: Found up-to-date module file ../../../Engine/Plugins/Runtime/AudioCapture/Binaries/Win64/UE4Editor-AudioCapture.dll (API version 3944462).
LogModuleManager: Display: Found up-to-date module file ../../../Engine/Plugins/Runtime/AudioCapture/Binaries/Win64/UE4Editor-AudioCaptureEditor.dll (API version 3944462).
LogModuleManager: Display: Found up-to-date module file ../../../Engine/Plugins/Runtime/CableComponent/Binaries/Win64/UE4Editor-CableComponent.dll (API version 3944462).
LogModuleManager: Display: Found up-to-date module file ../../../Engine/Plugins/Runtime/CustomMeshComponent/Binaries/Win64/UE4Editor-CustomMeshComponent.dll (API version 3944462).
LogModuleManager: Display: Found up-to-date module file ../../../Engine/Plugins/Runtime/ExampleDeviceProfileSelector/Binaries/Win64/UE4Editor-ExampleDeviceProfileSelector.dll (API version 3944462).
LogModuleManager: Display: Found up-to-date module file ../../../Engine/Plugins/Runtime/ImmediatePhysics/Binaries/Win64/UE4Editor-ImmediatePhysics.dll (API version 3944462).
LogModuleManager: Display: Found up-to-date module file ../../../Engine/Plugins/Runtime/ImmediatePhysics/Binaries/Win64/UE4Editor-ImmediatePhysicsEditor.dll (API version 3944462).
LogModuleManager: Display: Found up-to-date module file ../../../Engine/Plugins/Runtime/LocationServicesBPLibrary/Binaries/Win64/UE4Editor-LocationServicesBPLibrary.dll (API version 3944462).
LogModuleManager: Display: Found up-to-date module file ../../../Engine/Plugins/Runtime/MobilePatchingUtils/Binaries/Win64/UE4Editor-MobilePatchingUtils.dll (API version 3944462).
LogModuleManager: Display: Found up-to-date module file ../../../Engine/Plugins/Runtime/Oculus/OculusVR/Binaries/Win64/UE4Editor-OculusHMD.dll (API version 3944462).
LogModuleManager: Display: Found up-to-date module file ../../../Engine/Plugins/Runtime/Oculus/OculusVR/Binaries/Win64/UE4Editor-OculusInput.dll (API version 3944462).
LogModuleManager: Display: Found up-to-date module file ../../../Engine/Plugins/Runtime/Oculus/OculusVR/Binaries/Win64/UE4Editor-OculusEditor.dll (API version 3944462).
LogModuleManager: Display: Found up-to-date module file ../../../Engine/Plugins/Runtime/PhysXVehicles/Binaries/Win64/UE4Editor-PhysXVehicles.dll (API version 3944462).
LogModuleManager: Display: Found up-to-date module file ../../../Engine/Plugins/Runtime/PhysXVehicles/Binaries/Win64/UE4Editor-PhysXVehiclesEditor.dll (API version 3944462).
LogModuleManager: Display: Found up-to-date module file ../../../Engine/Plugins/Runtime/RuntimePhysXCooking/Binaries/Win64/UE4Editor-RuntimePhysXCooking.dll (API version 3944462).
LogModuleManager: Display: Found up-to-date module file ../../../Engine/Plugins/Runtime/Steam/SteamVR/Binaries/Win64/UE4Editor-SteamVR.dll (API version 3944462).
LogModuleManager: Display: Found up-to-date module file ../../../Engine/Plugins/Runtime/Steam/SteamVR/Binaries/Win64/UE4Editor-SteamVRController.dll (API version 3944462).
LogModuleManager: Display: Found up-to-date module file ../../../Engine/Plugins/Runtime/WindowsMoviePlayer/Binaries/Win64/UE4Editor-WindowsMoviePlayer.dll (API version 3944462).
LogPluginManager: Mounting plugin Paper2D
LogPluginManager: Mounting plugin LiveLink
LogPluginManager: Mounting plugin LightPropagationVolume
LogPluginManager: Mounting plugin CLionSourceCodeAccess
LogPluginManager: Mounting plugin CodeLiteSourceCodeAccess
LogPluginManager: Mounting plugin GitSourceControl
LogPluginManager: Mounting plugin KDevelopSourceCodeAccess
LogPluginManager: Mounting plugin NullSourceCodeAccess
LogPluginManager: Mounting plugin PerforceSourceControl
LogPluginManager: Mounting plugin SubversionSourceControl
LogPluginManager: Mounting plugin UObjectPlugin
LogPluginManager: Mounting plugin VisualStudioCodeSourceCodeAccess
LogPluginManager: Mounting plugin VisualStudioSourceCodeAccess
LogPluginManager: Mounting plugin XCodeSourceCodeAccess
LogPluginManager: Mounting plugin AssetManagerEditor
LogPluginManager: Mounting plugin CryptoKeys
LogPluginManager: Mounting plugin DataValidation
LogPluginManager: Mounting plugin FacialAnimation
LogPluginManager: Mounting plugin GameplayTagsEditor
LogPluginManager: Mounting plugin MobileLauncherProfileWizard
LogPluginManager: Mounting plugin PluginBrowser
LogPluginManager: Mounting plugin SpeedTreeImporter
LogPluginManager: Mounting plugin DatasmithContent
LogPluginManager: Mounting plugin AlembicImporter
LogPluginManager: Mounting plugin CharacterAI
LogPluginManager: Mounting plugin HTML5Networking
LogPluginManager: Mounting plugin AndroidMedia
LogPluginManager: Mounting plugin AvfMedia
LogPluginManager: Mounting plugin ImgMedia
LogPluginManager: Mounting plugin LinearTimecode
LogPluginManager: Mounting plugin MediaCompositing
LogPluginManager: Mounting plugin MediaPlayerEditor
LogPluginManager: Mounting plugin WmfMedia
LogPluginManager: Mounting plugin TcpMessaging
LogPluginManager: Mounting plugin UdpMessaging
LogPluginManager: Mounting plugin ActorSequence
LogPluginManager: Mounting plugin LevelSequenceEditor
LogPluginManager: Mounting plugin MatineeToLevelSequence
LogPluginManager: Mounting plugin NetcodeUnitTest
LogPluginManager: Mounting plugin NUTUnrealEngine4
LogPluginManager: Mounting plugin OnlineSubsystemGooglePlay
LogPluginManager: Mounting plugin OnlineSubsystemIOS
LogPluginManager: Mounting plugin OnlineSubsystem
LogPluginManager: Mounting plugin OnlineSubsystemNull
LogPluginManager: Mounting plugin OnlineSubsystemUtils
LogPluginManager: Mounting plugin AndroidDeviceProfileSelector
LogPluginManager: Mounting plugin AndroidMoviePlayer
LogPluginManager: Mounting plugin AndroidPermission
LogPluginManager: Mounting plugin AppleARKit
LogPluginManager: Mounting plugin AppleMoviePlayer
LogPluginManager: Mounting plugin ArchVisCharacter
LogPluginManager: Mounting plugin AudioCapture
LogPluginManager: Mounting plugin CableComponent
LogPluginManager: Mounting plugin CustomMeshComponent
LogPluginManager: Mounting plugin ExampleDeviceProfileSelector
LogPluginManager: Mounting plugin GoogleCloudMessaging
LogPluginManager: Mounting plugin ImmediatePhysics
LogPluginManager: Mounting plugin IOSDeviceProfileSelector
LogPluginManager: Mounting plugin LinuxDeviceProfileSelector
LogPluginManager: Mounting plugin LocationServicesBPLibrary
LogPluginManager: Mounting plugin MobilePatchingUtils
LogPluginManager: Mounting plugin OculusVR
LogPluginManager: Plugin shader directory ../../../Engine/Plugins/Runtime/Oculus/OculusVR/Shaders found
LogPluginManager: Mapping shader source directory ../../../Engine/Plugins/Runtime/Oculus/OculusVR/Shaders to virtual directory /Plugin/OculusVR
LogPluginManager: Mounting plugin PhysXVehicles
LogPluginManager: Mounting plugin ProceduralMeshComponent
LogPluginManager: Mounting plugin RuntimePhysXCooking
LogPluginManager: Mounting plugin SteamVR
LogPluginManager: Mounting plugin WindowsMoviePlayer
LogStreaming: Display: Took  1.262s to configure plugins.
LogInit: Using libcurl 7.47.1
LogInit:  - built for x86_64-pc-win32
LogInit:  - supports SSL with OpenSSL/1.0.2g
LogInit:  - supports HTTP deflate (compression) using libz 1.2.8
LogInit:  - other features:
LogInit:      CURL_VERSION_SSL
LogInit:      CURL_VERSION_LIBZ
LogInit:      CURL_VERSION_IPV6
LogInit:      CURL_VERSION_ASYNCHDNS
LogInit:      CURL_VERSION_LARGEFILE
LogInit:      CURL_VERSION_IDN
LogInit:  CurlRequestOptions (configurable via config and command line):
LogInit:  - bVerifyPeer = false  - Libcurl will NOT verify peer certificate
LogInit:  - bUseHttpProxy = false  - Libcurl will NOT use HTTP proxy
LogInit:  - bDontReuseConnections = false  - Libcurl will reuse connections
LogInit:  - CertBundlePath = nullptr  - Libcurl will use whatever was configured at build time.
LogInit:  - MaxHostConnections = 16  - Libcurl will limit the number of connections to a host
LogInit:  - LocalHostAddr = Default
LogInit: WinSock: version 1.1 (2.2), MaxSocks=32767, MaxUdp=65467
LogInit: WinSock: I am DESKTOP-S0KGSDJ (192.168.0.27:0)
LogInit: Build: ++UE4+Release-4.19-CL-4033788
LogInit: Engine Version: 4.19.2-4033788+++UE4+Release-4.19
LogInit: Compatible Engine Version: 4.19.0-3944462+++UE4+Release-4.19
LogInit: Net CL: 3944462
LogDevObjectVersion: Number of dev versions registered: 18
LogDevObjectVersion:   Dev-Blueprints (B0D832E4-1F89-4F0D-ACCF-7EB736FD4AA2): 10
LogDevObjectVersion:   Dev-Build (E1C64328-A22C-4D53-A36C-8E866417BD8C): 0
LogDevObjectVersion:   Dev-Core (375EC13C-06E4-48FB-B500-84F0262A717E): 2
LogDevObjectVersion:   Dev-Editor (E4B068ED-F494-42E9-A231-DA0B2E46BB41): 23
LogDevObjectVersion:   Dev-Framework (CFFC743F-43B0-4480-9391-14DF171D2073): 33
LogDevObjectVersion:   Dev-Mobile (B02B49B5-BB20-44E9-A304-32B752E40360): 2
LogDevObjectVersion:   Dev-Networking (A4E4105C-59A1-49B5-A7C5-40C4547EDFEE): 0
LogDevObjectVersion:   Dev-Online (39C831C9-5AE6-47DC-9A44-9C173E1C8E7C): 0
LogDevObjectVersion:   Dev-Physics (78F01B33-EBEA-4F98-B9B4-84EACCB95AA2): 0
LogDevObjectVersion:   Dev-Platform (6631380F-2D4D-43E0-8009-CF276956A95A): 0
LogDevObjectVersion:   Dev-Rendering (12F88B9F-8875-4AFC-A67C-D90C383ABD29): 25
LogDevObjectVersion:   Dev-Sequencer (7B5AE74C-D270-4C10-A958-57980B212A5A): 6
LogDevObjectVersion:   Dev-VR (D7296918-1DD6-4BDD-9DE2-64A83CC13884): 1
LogDevObjectVersion:   Dev-LoadTimes (C2A15278-BFE7-4AFE-6C17-90FF531DF755): 1
LogDevObjectVersion:   Private-Geometry (6EACA3D4-40EC-4CC1-B786-8BED09428FC5): 2
LogDevObjectVersion:   Dev-AnimPhys (29E575DD-E0A3-4627-9D10-D276232CDCEA): 16
LogDevObjectVersion:   Dev-ReflectionCapture (6B266CEC-1EC7-4B8F-A30B-E4D90942FC07): 1
LogDevObjectVersion:   Dev-Automation (0DF73D61-A23F-47EA-B727-89E90C41499A): 1
LogInit: Compiled (64-bit): Apr 27 2018 02:06:57
LogInit: Compiled with Visual C++: 19.00.24215.01
LogInit: Build Configuration: Development
LogInit: Branch Name: ++UE4+Release-4.19
LogInit: Command Line:  /Game/LevelDesign/Game_Level -game -PIEVIACONSOLE -ResX=1280 -ResY=720  -Multiprocess -messaging -SessionName="Play in Standalone Game" -windowed 
LogInit: Base Directory: D:/Program Files/Epic Games/UE_4.19/Engine/Binaries/Win64/
LogInit: Installed Engine Build: 1
LogStreaming: Display: Took  0.000s to delete old logs.
LogInit: Presizing for max 8388607 objects, including 0 objects not considered by GC, pre-allocating 0 bytes for permanent pool.
LogInit: Object subsystem initialized
[2020.01.15-15.11.43:231][  0]LogInit: Selected Device Profile: [Windows]
[2020.01.15-15.11.43:231][  0]LogInit: Applying CVar settings loaded from the selected device profile: [Windows]
[2020.01.15-15.11.43:239][  0]LogInit: Computer: DESKTOP-S0KGSDJ
[2020.01.15-15.11.43:239][  0]LogInit: User: Jack
[2020.01.15-15.11.43:239][  0]LogInit: CPU Page size=4096, Cores=4
[2020.01.15-15.11.43:239][  0]LogInit: High frequency timer resolution =10.000000 MHz
[2020.01.15-15.11.43:239][  0]LogMemory: Memory total: Physical=16.0GB (16GB approx)
[2020.01.15-15.11.43:239][  0]LogMemory: Platform Memory Stats for Windows
[2020.01.15-15.11.43:239][  0]LogMemory: Process Physical Memory: 274.62 MB used, 274.62 MB peak
[2020.01.15-15.11.43:239][  0]LogMemory: Process Virtual Memory: 264.62 MB used, 264.62 MB peak
[2020.01.15-15.11.43:239][  0]LogMemory: Physical Memory: 8295.92 MB used,  8044.23 MB free, 16340.15 MB total
[2020.01.15-15.11.43:239][  0]LogMemory: Virtual Memory: 4767.54 MB used,  8044.23 MB free, 134217728.00 MB total
[2020.01.15-15.11.43:261][  0]LogInit: Using OS detected language (en-GB).
[2020.01.15-15.11.43:261][  0]LogInit: Using OS detected locale (en-GB).
[2020.01.15-15.11.43:261][  0]LogTextLocalizationManager: No localization for 'en-GB' exists, so 'en' will be used for the language.
[2020.01.15-15.11.43:261][  0]LogTextLocalizationManager: No localization for 'en-GB' exists, so 'en' will be used for the locale.
[2020.01.15-15.11.43:743][  0]LogStreaming: Display: Took  0.482s to EndInitTextLocalization.
[2020.01.15-15.11.43:771][  0]LogSlate: New Slate User Created.  User Index 0, Is Virtual User: 0
[2020.01.15-15.11.43:771][  0]LogSlate: Slate User Registered.  User Index 0, Is Virtual User: 0
[2020.01.15-15.11.43:777][  0]LogD3D11RHI: D3D11 adapters:
[2020.01.15-15.11.43:842][  0]LogD3D11RHI:    0. 'NVIDIA GeForce GTX 1060' (Feature Level 11_0)
[2020.01.15-15.11.43:842][  0]LogD3D11RHI:       2987/0/8170 MB DedicatedVideo/DedicatedSystem/SharedSystem, Outputs:2, VendorId:0x10de
[2020.01.15-15.11.43:845][  0]LogD3D11RHI:    1. 'Microsoft Basic Render Driver' (Feature Level 11_0)
[2020.01.15-15.11.43:845][  0]LogD3D11RHI:       0/0/8170 MB DedicatedVideo/DedicatedSystem/SharedSystem, Outputs:0, VendorId:0x1414
[2020.01.15-15.11.43:845][  0]LogD3D11RHI: Chosen D3D11 Adapter: 0
[2020.01.15-15.11.43:852][  0]LogD3D11RHI: Creating new Direct3DDevice
[2020.01.15-15.11.43:852][  0]LogD3D11RHI:     GPU DeviceId: 0x1c20 (for the marketing name, search the web for "GPU Device Id")
[2020.01.15-15.11.43:852][  0]LogWindows: EnumDisplayDevices:
[2020.01.15-15.11.43:852][  0]LogWindows:    0. 'NVIDIA GeForce GTX 1060' (P:1 D:1)
[2020.01.15-15.11.43:853][  0]LogWindows:    1. 'NVIDIA GeForce GTX 1060' (P:0 D:1)
[2020.01.15-15.11.43:853][  0]LogWindows:    2. 'NVIDIA GeForce GTX 1060' (P:0 D:0)
[2020.01.15-15.11.43:853][  0]LogWindows:    3. 'NVIDIA GeForce GTX 1060' (P:0 D:0)
[2020.01.15-15.11.43:853][  0]LogWindows: DebugString: GetVideoDriverDetailsInvalid PrimaryIsNotTheChoosenAdapter GetVideoDriverDetailsInvalid PrimaryIsNotTheChoosenAdapter GetVideoDriverDetailsInvalid PrimaryIsNotTheChoosenAdapter GetVideoDriverDetailsInvalid PrimaryIsNotTheChoosenAdapter FoundDriverCount:0 
[2020.01.15-15.11.43:853][  0]LogD3D11RHI:     Adapter Name: NVIDIA GeForce GTX 1060
[2020.01.15-15.11.43:853][  0]LogD3D11RHI:   Driver Version: Unknown (internal:Unknown, unified:Unknown)
[2020.01.15-15.11.43:853][  0]LogD3D11RHI:      Driver Date: Unknown
[2020.01.15-15.11.43:853][  0]LogRHI: Texture pool is 2090 MB (70% of 2987 MB)
[2020.01.15-15.11.43:897][  0]LogD3D11RHI: [Aftermath] Aftermath enabled and primed
[2020.01.15-15.11.43:897][  0]LogD3D11RHI: [Aftermath] Aftermath enabled and primed
[2020.01.15-15.11.43:897][  0]LogD3D11RHI: Async texture creation enabled
[2020.01.15-15.11.43:911][  0]LogD3D11RHI: GPU Timing Frequency: 1000.000000 (Debug: 2 1)
[2020.01.15-15.11.43:915][  0]LogShaderCompilers: Guid format shader working directory is -6 characters bigger than the processId version (../../../../../../Programming_Portfolio/Unreal_Demo/Intermediate/Shaders/WorkingDirectory/8912/).
[2020.01.15-15.11.43:915][  0]LogShaderCompilers: Cleaned the shader compiler working directory 'C:/Users/Jack/AppData/Local/Temp/UnrealShaderWorkingDir/BEACFC354991BE7A46180F9E6F1A2BB9/'.
[2020.01.15-15.11.44:140][  0]LogTemp: Display: Loaded TP WindowsClientTargetPlatform
[2020.01.15-15.11.44:153][  0]LogTemp: Display: Loaded TP WindowsNoEditorTargetPlatform
[2020.01.15-15.11.44:168][  0]LogTemp: Display: Loaded TP WindowsServerTargetPlatform
[2020.01.15-15.11.44:183][  0]LogTemp: Display: Loaded TP WindowsTargetPlatform
[2020.01.15-15.11.44:183][  0]LogTargetPlatformManager: Display: Building Assets For Windows
[2020.01.15-15.11.44:306][  0]LogXGEController: Cannot use XGE Controller as Incredibuild is not installed on this machine.
[2020.01.15-15.11.44:306][  0]LogShaderCompilers: Cannot use XGE Shader Compiler as Incredibuild is not installed on this machine.
[2020.01.15-15.11.44:306][  0]LogShaderCompilers: Display: Using Local Shader Compiler.
[2020.01.15-15.11.45:043][  0]LogDerivedDataCache: Display: Max Cache Size: 512 MB
[2020.01.15-15.11.45:115][  0]LogDerivedDataCache: Loaded boot cache 0.07s 74MB C:/Users/Jack/AppData/Local/UnrealEngine/4.19/DerivedDataCache/Boot.ddc.
[2020.01.15-15.11.45:115][  0]LogDerivedDataCache: Display: Loaded Boot cache: C:/Users/Jack/AppData/Local/UnrealEngine/4.19/DerivedDataCache/Boot.ddc
[2020.01.15-15.11.45:115][  0]LogDerivedDataCache: FDerivedDataBackendGraph:  Pak pak cache file ../../../../../../Programming_Portfolio/Unreal_Demo/DerivedDataCache/DDC.ddp not found, will not use a pak cache.
[2020.01.15-15.11.45:115][  0]LogDerivedDataCache: Unable to find inner node Pak for hierarchical cache Hierarchy.
[2020.01.15-15.11.45:115][  0]LogDerivedDataCache: FDerivedDataBackendGraph:  CompressedPak pak cache file ../../../../../../Programming_Portfolio/Unreal_Demo/DerivedDataCache/Compressed.ddp not found, will not use a pak cache.
[2020.01.15-15.11.45:115][  0]LogDerivedDataCache: Unable to find inner node CompressedPak for hierarchical cache Hierarchy.
[2020.01.15-15.11.45:132][  0]LogDerivedDataCache: Display: Pak cache opened for reading ../../../Engine/DerivedDataCache/Compressed.ddp.
[2020.01.15-15.11.45:145][  0]LogDerivedDataCache: Using Local data cache path C:/Users/Jack/AppData/Local/UnrealEngine/Common/DerivedDataCache: Writable
[2020.01.15-15.11.45:145][  0]LogDerivedDataCache: Shared data cache path not found in *engine.ini, will not use an Shared cache.
[2020.01.15-15.11.45:145][  0]LogDerivedDataCache: Unable to find inner node Shared for hierarchical cache Hierarchy.
[2020.01.15-15.11.45:156][  0]LogMaterial: Verifying Global Shaders for PCD3D_SM5
[2020.01.15-15.11.45:157][  0]LogSlate: Using Freetype 2.6.0
[2020.01.15-15.11.45:158][  0]LogSlate: SlateFontCache - WITH_FREETYPE: 1, WITH_HARFBUZZ: 1
[2020.01.15-15.11.45:158][  0]LogSlate: SlateFontCache - WITH_FREETYPE: 1, WITH_HARFBUZZ: 1
[2020.01.15-15.11.45:283][  0]LogAssetRegistry: FAssetRegistry took 0.0045 seconds to start up
[2020.01.15-15.11.45:482][  0]LogPackageLocalizationCache: Processed 9 localized package path(s) for 1 prioritized culture(s) in 0.009353 seconds
[2020.01.15-15.11.45:587][  0]LogInit: Selected Device Profile: [Windows]
[2020.01.15-15.11.45:741][  0]LogSimplygon: Simplygon DLL not present - disabling.
[2020.01.15-15.11.45:744][  0]LogMeshReduction: Using SimplygonSwarm for distributed automatic mesh merging
[2020.01.15-15.11.45:744][  0]LogMeshReduction: Using QuadricMeshReduction for automatic static mesh reduction
[2020.01.15-15.11.45:744][  0]LogMeshReduction: No automatic skeletal mesh reduction module available
[2020.01.15-15.11.45:744][  0]LogMeshReduction: No automatic mesh merging module available
[2020.01.15-15.11.45:744][  0]LogMeshMerging: No automatic mesh merging module available
[2020.01.15-15.11.45:783][  0]LogNetVersion: Unreal_Demo , NetCL: 3944462, EngineNetVer: 2, GameNetVer: 0 (Checksum: 411565208)
[2020.01.15-15.11.46:453][  0]LogMoviePlayer: Initializing movie player
[2020.01.15-15.11.46:788][  0]LogTcpMessaging: Initializing TcpMessaging bridge
[2020.01.15-15.11.46:825][  0]LogUdpMessaging: Initializing bridge on interface 0.0.0.0:0 to multicast group 230.0.0.1:6666.
[2020.01.15-15.11.47:124][  0]SourceControl: Source control is disabled
[2020.01.15-15.11.47:124][  0]SourceControl: Source control is disabled
[2020.01.15-15.11.47:148][  0]SourceControl: Source control is disabled
[2020.01.15-15.11.47:602][  0]LogAndroidPermission: UAndroidPermissionCallbackProxy::GetInstance
[2020.01.15-15.11.47:858][  0]LogOcInput: OculusInput pre-init called
[2020.01.15-15.11.47:911][  0]LogUObjectArray: 40124 objects as part of root set at end of initial load.
[2020.01.15-15.11.47:911][  0]LogUObjectAllocator: 8364208 out of 0 bytes used by permanent object pool.
[2020.01.15-15.11.47:911][  0]LogUObjectArray: CloseDisregardForGC: 0/0 objects in disregard for GC pool
[2020.01.15-15.11.47:964][  0]LogEngine: Initializing Engine...
[2020.01.15-15.11.47:965][  0]LogHMD: Failed to initialize OpenVR with code 110
[2020.01.15-15.11.47:978][  0]LogStats: UGameplayTagsManager::ConstructGameplayTagTree: Construct from data asset -  0.000 s
[2020.01.15-15.11.47:978][  0]LogStats: UGameplayTagsManager::ConstructGameplayTagTree: GameplayTagTreeChangedEvent.Broadcast -  0.000 s
[2020.01.15-15.11.48:190][  0]LogInit: XAudio2 using 'Headphones (ATH-M50xBT     Stereo)' : 2 channels at 44.1 kHz using 16 bits per sample (channel mask 0x3)
[2020.01.15-15.11.48:207][  0]LogInit: FAudioDevice initialized.
[2020.01.15-15.11.48:230][  0]LogInit: Texture streaming: Enabled
[2020.01.15-15.11.48:351][  0]LogInit: Display: Game Engine Initialized.
[2020.01.15-15.11.48:351][  0]LogGameplayTags: Display: UGameplayTagsManager::DoneAddingNativeTags. DelegateIsBound: 0
[2020.01.15-15.11.48:351][  0]LogStats: UGameplayTagsManager::ConstructGameplayTagTree: Construct from data asset -  0.000 s
[2020.01.15-15.11.48:351][  0]LogStats: UGameplayTagsManager::ConstructGameplayTagTree: GameplayTagTreeChangedEvent.Broadcast -  0.000 s
[2020.01.15-15.11.48:481][  0]LogInit: Display: Starting Game.
[2020.01.15-15.11.48:481][  0]LogNet: Browse: /Game/LevelDesign/Game_Level?Name=Player
[2020.01.15-15.11.48:481][  0]LogLoad: LoadMap: /Game/LevelDesign/Game_Level?Name=Player
[2020.01.15-15.11.48:497][  0]LogUObjectGlobals: Created PersistentFrame Addr=0x0000025426d97560, Size=72, Default__Game_Level_C Function /Game/LevelDesign/Game_Level.Game_Level_C:ExecuteUbergraph_Game_Level
[2020.01.15-15.11.48:500][  0]LogUObjectGlobals: Created PersistentFrame Addr=0x0000025432bfef80, Size=184, Default__BP_Auto_Door_C Function /Game/LevelDesign/Blueprints/BP_Auto_Door.BP_Auto_Door_C:ExecuteUbergraph_BP_Auto_Door
[2020.01.15-15.11.48:501][  0]LogUObjectGlobals: Created PersistentFrame Addr=0x000002543351cd88, Size=4, Default__LD_playerController_C Function /Game/LevelDesign/Blueprints/LD_playerController.LD_playerController_C:ExecuteUbergraph_LD_playerController
[2020.01.15-15.11.48:506][  0]LogUObjectGlobals: Created PersistentFrame Addr=0x0000025432aac100, Size=1152, Default__ThirdPersonCharacter_C Function /Game/ThirdPersonBP/Blueprints/ThirdPersonCharacter.ThirdPersonCharacter_C:ExecuteUbergraph_ThirdPersonCharacter
[2020.01.15-15.11.48:518][  0]LogUObjectGlobals: Created PersistentFrame Addr=0x0000025426db4bc0, Size=64, Default__ThirdPerson_AnimBP_C Function /Game/Mannequin/Animations/ThirdPerson_AnimBP.ThirdPerson_AnimBP_C:ExecuteUbergraph_ThirdPerson_AnimBP
[2020.01.15-15.11.48:571][  0]LogUObjectGlobals: Created PersistentFrame Addr=0x00000254267d4d40, Size=224, Default__Pickup_Blueprint_C Function /Game/Provision/Pickup_Blueprint.Pickup_Blueprint_C:ExecuteUbergraph_Pickup_Blueprint
[2020.01.15-15.11.48:575][  0]LogUObjectGlobals: Created PersistentFrame Addr=0x0000025426879800, Size=264, Default__BP_Lift_C Function /Game/LevelDesign/Blueprints/BP_Lift.BP_Lift_C:ExecuteUbergraph_BP_Lift
[2020.01.15-15.11.48:622][  0]LogUObjectGlobals: Destroyed PersistentFrame Addr=0x0000025432bfef80, Size=184
[2020.01.15-15.11.48:622][  0]LogUObjectGlobals: Created PersistentFrame Addr=0x0000025432164ac0, Size=184, Default__BP_Auto_Door_C Function /Engine/Transient.REINST_BP_Auto_Door_C_2:ExecuteUbergraph_BP_Auto_Door
[2020.01.15-15.11.48:622][  0]LogUObjectGlobals: Destroyed PersistentFrame Addr=0x0000025426db4bc0, Size=64
[2020.01.15-15.11.48:622][  0]LogUObjectGlobals: Created PersistentFrame Addr=0x000002543685ba40, Size=64, Default__ThirdPerson_AnimBP_C Function /Engine/Transient.REINST_ThirdPerson_AnimBP_C_0:ExecuteUbergraph_ThirdPerson_AnimBP
[2020.01.15-15.11.48:623][  0]LogUObjectGlobals: Destroyed PersistentFrame Addr=0x0000025426879800, Size=264
[2020.01.15-15.11.48:623][  0]LogUObjectGlobals: Created PersistentFrame Addr=0x0000025432159300, Size=264, Default__BP_Lift_C Function /Engine/Transient.REINST_BP_Lift_C_4:ExecuteUbergraph_BP_Lift
[2020.01.15-15.11.48:623][  0]LogUObjectGlobals: Destroyed PersistentFrame Addr=0x00000254267d4d40, Size=224
[2020.01.15-15.11.48:623][  0]LogUObjectGlobals: Created PersistentFrame Addr=0x0000025436876320, Size=224, Default__Pickup_Blueprint_C Function /Engine/Transient.REINST_Pickup_Blueprint_C_7:ExecuteUbergraph_Pickup_Blueprint
[2020.01.15-15.11.48:624][  0]LogUObjectGlobals: Destroyed PersistentFrame Addr=0x000002543351cd88, Size=4
[2020.01.15-15.11.48:624][  0]LogUObjectGlobals: Created PersistentFrame Addr=0x0000025435ccf4b0, Size=4, Default__LD_playerController_C Function /Engine/Transient.REINST_LD_playerController_C_8:ExecuteUbergraph_LD_playerController
[2020.01.15-15.11.48:624][  0]LogUObjectGlobals: Destroyed PersistentFrame Addr=0x0000025432aac100, Size=1152
[2020.01.15-15.11.48:624][  0]LogUObjectGlobals: Created PersistentFrame Addr=0x0000025436848f00, Size=1152, Default__ThirdPersonCharacter_C Function /Engine/Transient.REINST_ThirdPersonCharacter_C_9:ExecuteUbergraph_ThirdPersonCharacter
[2020.01.15-15.11.48:653][  0]LogUObjectGlobals: Created PersistentFrame Addr=0x0000025436709a80, Size=184, Default__BP_Auto_Door_C Function /Game/LevelDesign/Blueprints/BP_Auto_Door.BP_Auto_Door_C:ExecuteUbergraph_BP_Auto_Door
[2020.01.15-15.11.48:654][  0]LogUObjectGlobals: Created PersistentFrame Addr=0x00000254366f43b0, Size=72, Default__ThirdPerson_AnimBP_C Function /Game/Mannequin/Animations/ThirdPerson_AnimBP.ThirdPerson_AnimBP_C:ExecuteUbergraph_ThirdPerson_AnimBP
[2020.01.15-15.11.48:655][  0]LogUObjectGlobals: Created PersistentFrame Addr=0x00000254367a9e40, Size=264, Default__BP_Lift_C Function /Game/LevelDesign/Blueprints/BP_Lift.BP_Lift_C:ExecuteUbergraph_BP_Lift
[2020.01.15-15.11.48:655][  0]LogUObjectGlobals: Created PersistentFrame Addr=0x00000254366e9360, Size=224, Default__Pickup_Blueprint_C Function /Game/Provision/Pickup_Blueprint.Pickup_Blueprint_C:ExecuteUbergraph_Pickup_Blueprint
[2020.01.15-15.11.48:656][  0]LogUObjectGlobals: Created PersistentFrame Addr=0x0000025435cce378, Size=4, Default__LD_playerController_C Function /Game/LevelDesign/Blueprints/LD_playerController.LD_playerController_C:ExecuteUbergraph_LD_playerController
[2020.01.15-15.11.48:658][  0]LogUObjectGlobals: Created PersistentFrame Addr=0x0000025436667200, Size=1152, Default__ThirdPersonCharacter_C Function /Game/ThirdPersonBP/Blueprints/ThirdPersonCharacter.ThirdPersonCharacter_C:ExecuteUbergraph_ThirdPersonCharacter
[2020.01.15-15.11.48:668][  0]LogUObjectGlobals: Destroyed PersistentFrame Addr=0x0000025426d97560, Size=72
[2020.01.15-15.11.48:668][  0]LogUObjectGlobals: Created PersistentFrame Addr=0x000002543662d710, Size=72, Default__Game_Level_C Function /Engine/Transient.REINST_Game_Level_C_21:ExecuteUbergraph_Game_Level
[2020.01.15-15.11.48:669][  0]LogUObjectGlobals: Created PersistentFrame Addr=0x0000025436688090, Size=72, Default__Game_Level_C Function /Game/LevelDesign/Game_Level.Game_Level_C:ExecuteUbergraph_Game_Level
[2020.01.15-15.11.48:842][  0]LogSkeletalMesh: Skeletal Mesh found in DDC [12.505100ms] /Game/Mannequin/Character/Mesh/SK_Mannequin.SK_Mannequin
[2020.01.15-15.11.48:912][  0]LogAIModule: Creating AISystem for world Game_Level
[2020.01.15-15.11.48:916][  0]LogLoad: Game class is 'ThirdPersonGameMode_C'
[2020.01.15-15.11.48:942][  0]LogWorld: Bringing World /Game/LevelDesign/Game_Level.Game_Level up for play (max tick rate 0) at 2020.01.15-15.11.48
[2020.01.15-15.11.48:943][  0]LogWorld: Bringing up level for play took: 0.026805
[2020.01.15-15.11.48:946][  0]LogLoad: Took 0.465330 seconds to LoadMap(/Game/LevelDesign/Game_Level)
[2020.01.15-15.11.49:010][  0]LogLoad: (Engine Initialization) Total time: 8.41 seconds
[2020.01.15-15.11.49:010][  0]LogLoad: (Engine Initialization) Total Blueprint compile time: 0.00 seconds
[2020.01.15-15.11.49:053][  0]LogRenderer: Reallocating scene render targets to support 1280x720 Format 10 NumSamples 1 (Frame:1).
[2020.01.15-15.11.49:149][  0]LogContentStreaming: Texture pool size now 1000 MB
[2020.01.15-15.12.50:341][755]LogUObjectGlobals: Destroyed PersistentFrame Addr=0x000002543662d710, Size=72
[2020.01.15-15.12.50:341][755]LogUObjectGlobals: Destroyed PersistentFrame Addr=0x0000025432164ac0, Size=184
[2020.01.15-15.12.50:341][755]LogUObjectGlobals: Destroyed PersistentFrame Addr=0x0000025435ccf4b0, Size=4
[2020.01.15-15.12.50:341][755]LogUObjectGlobals: Destroyed PersistentFrame Addr=0x0000025436848f00, Size=1152
[2020.01.15-15.12.50:341][755]LogUObjectGlobals: Destroyed PersistentFrame Addr=0x000002543685ba40, Size=64
[2020.01.15-15.12.50:341][755]LogUObjectGlobals: Destroyed PersistentFrame Addr=0x0000025436876320, Size=224
[2020.01.15-15.12.50:342][755]LogUObjectGlobals: Destroyed PersistentFrame Addr=0x0000025432159300, Size=264
[2020.01.15-15.13.02:302][495]LogSlate: Window 'Unreal_Demo (64-bit, PCD3D_SM5) ' being destroyed
[2020.01.15-15.13.02:304][495]LogWindowsTextInputMethodSystem: Display: IME system now deactivated.
[2020.01.15-15.13.02:309][495]LogWindowsTextInputMethodSystem: Display: IME system now deactivated.
[2020.01.15-15.13.02:309][495]LogEngine: All Windows Closed
[2020.01.15-15.13.02:309][495]LogWindows: FPlatformMisc::RequestExit(0)
[2020.01.15-15.13.03:011][496]LogSlate: Slate User Destroyed.  User Index 0, Is Virtual User: 0
[2020.01.15-15.13.03:012][496]LogExit: Preparing to exit.
[2020.01.15-15.13.03:012][496]LogMoviePlayer: Shutting down movie player
[2020.01.15-15.13.03:896][496]LogExit: Game engine shut down
[2020.01.15-15.13.03:901][496]LogUObjectGlobals: Destroyed PersistentFrame Addr=0x0000025436709a80, Size=184
[2020.01.15-15.13.03:901][496]LogUObjectGlobals: Destroyed PersistentFrame Addr=0x00000254366f43b0, Size=72
[2020.01.15-15.13.03:901][496]LogUObjectGlobals: Destroyed PersistentFrame Addr=0x00000254367a9e40, Size=264
[2020.01.15-15.13.03:902][496]LogUObjectGlobals: Destroyed PersistentFrame Addr=0x00000254366e9360, Size=224
[2020.01.15-15.13.03:902][496]LogUObjectGlobals: Destroyed PersistentFrame Addr=0x0000025435cce378, Size=4
[2020.01.15-15.13.03:902][496]LogUObjectGlobals: Destroyed PersistentFrame Addr=0x0000025436667200, Size=1152
[2020.01.15-15.13.03:902][496]LogUObjectGlobals: Destroyed PersistentFrame Addr=0x0000025436688090, Size=72
[2020.01.15-15.13.03:945][496]LogExit: Object subsystem successfully closed.
[2020.01.15-15.13.03:959][496]LogShaderCompilers: Display: Shaders left to compile 0
[2020.01.15-15.13.03:961][496]LogD3D11RHI: Shutdown
[2020.01.15-15.13.03:961][496]LogD3D11RHI: CleanupD3DDevice
[2020.01.15-15.13.03:963][496]LogD3D11RHI: ~FD3D11DynamicRHI
[2020.01.15-15.13.03:968][496]LogModuleManager: Shutting down and abandoning module SequenceRecorderSections (332)
[2020.01.15-15.13.03:968][496]LogModuleManager: Shutting down and abandoning module SequenceRecorder (330)
[2020.01.15-15.13.03:968][496]LogModuleManager: Shutting down and abandoning module AutomationController (328)
[2020.01.15-15.13.03:968][496]LogModuleManager: Shutting down and abandoning module AutomationWorker (326)
[2020.01.15-15.13.03:968][496]LogModuleManager: Shutting down and abandoning module AIModule (324)
[2020.01.15-15.13.03:968][496]LogModuleManager: Shutting down and abandoning module GameplayDebugger (323)
[2020.01.15-15.13.03:968][496]LogModuleManager: Shutting down and abandoning module AITestSuite (321)
[2020.01.15-15.13.03:968][496]LogModuleManager: Shutting down and abandoning module WmfMediaFactory (318)
[2020.01.15-15.13.03:968][496]LogModuleManager: Shutting down and abandoning module OpenExrWrapper (316)
[2020.01.15-15.13.03:968][496]LogModuleManager: Shutting down and abandoning module ImgMediaFactory (314)
[2020.01.15-15.13.03:968][496]LogModuleManager: Shutting down and abandoning module AvfMediaFactory (312)
[2020.01.15-15.13.03:968][496]LogModuleManager: Shutting down and abandoning module CharacterAI (310)
[2020.01.15-15.13.03:968][496]LogModuleManager: Shutting down and abandoning module SessionServices (308)
[2020.01.15-15.13.03:968][496]LogModuleManager: Shutting down and abandoning module MovieSceneCapture (306)
[2020.01.15-15.13.03:968][496]LogModuleManager: Shutting down and abandoning module MovieSceneTracks (304)
[2020.01.15-15.13.03:968][496]LogModuleManager: Shutting down and abandoning module MovieScene (302)
[2020.01.15-15.13.03:968][496]LogModuleManager: Shutting down and abandoning module GeometryCache (300)
[2020.01.15-15.13.03:968][496]LogModuleManager: Shutting down and abandoning module GeometryCacheEd (299)
[2020.01.15-15.13.03:968][496]LogModuleManager: Shutting down and abandoning module StreamingPauseRendering (296)
[2020.01.15-15.13.03:968][496]LogModuleManager: Shutting down and abandoning module PortalServices (294)
[2020.01.15-15.13.03:968][496]LogModuleManager: Shutting down and abandoning module PortalRpc (292)
[2020.01.15-15.13.03:968][496]LogModuleManager: Shutting down and abandoning module MessagingRpc (290)
[2020.01.15-15.13.03:968][496]LogModuleManager: Shutting down and abandoning module ProfilerService (288)
[2020.01.15-15.13.04:074][496]LogModuleManager: Shutting down and abandoning module TaskGraph (286)
[2020.01.15-15.13.04:074][496]LogModuleManager: Shutting down and abandoning module SteamVRController (284)
[2020.01.15-15.13.04:074][496]LogModuleManager: Shutting down and abandoning module ProceduralMeshComponent (282)
[2020.01.15-15.13.04:074][496]LogModuleManager: Shutting down and abandoning module OculusInput (280)
[2020.01.15-15.13.04:075][496]LogModuleManager: Shutting down and abandoning module MobilePatchingUtils (278)
[2020.01.15-15.13.04:075][496]LogModuleManager: Shutting down and abandoning module CustomMeshComponent (276)
[2020.01.15-15.13.04:075][496]LogModuleManager: Shutting down and abandoning module CableComponent (274)
[2020.01.15-15.13.04:075][496]LogModuleManager: Shutting down and abandoning module AudioCapture (272)
[2020.01.15-15.13.04:075][496]LogModuleManager: Shutting down and abandoning module ArchVisCharacter (270)
[2020.01.15-15.13.04:075][496]LogModuleManager: Shutting down and abandoning module AndroidPermission (268)
[2020.01.15-15.13.04:075][496]LogModuleManager: Shutting down and abandoning module NUTUnrealEngine4 (264)
[2020.01.15-15.13.04:075][496]LogModuleManager: Shutting down and abandoning module NetcodeUnitTest (262)
[2020.01.15-15.13.04:075][496]LogModuleManager: Shutting down and abandoning module MediaCompositing (260)
[2020.01.15-15.13.04:075][496]LogModuleManager: Shutting down and abandoning module LinearTimecode (258)
[2020.01.15-15.13.04:075][496]LogModuleManager: Shutting down and abandoning module ImgMedia (256)
[2020.01.15-15.13.04:078][496]LogModuleManager: Shutting down and abandoning module HTML5Networking (254)
[2020.01.15-15.13.04:078][496]LogModuleManager: Shutting down and abandoning module DatasmithContent (252)
[2020.01.15-15.13.04:078][496]LogModuleManager: Shutting down and abandoning module CryptoKeysOpenSSL (250)
[2020.01.15-15.13.04:078][496]LogModuleManager: Shutting down and abandoning module CryptoKeys (248)
[2020.01.15-15.13.04:078][496]LogModuleManager: Shutting down and abandoning module VisualStudioSourceCodeAccess (246)
[2020.01.15-15.13.04:078][496]LogModuleManager: Shutting down and abandoning module HotReload (245)
[2020.01.15-15.13.04:078][496]LogModuleManager: Shutting down and abandoning module DirectoryWatcher (244)
[2020.01.15-15.13.04:078][496]LogModuleManager: Shutting down and abandoning module VisualStudioCodeSourceCodeAccess (240)
[2020.01.15-15.13.04:078][496]LogModuleManager: Shutting down and abandoning module UObjectPlugin (238)
[2020.01.15-15.13.04:078][496]LogModuleManager: Shutting down and abandoning module SubversionSourceControl (236)
[2020.01.15-15.13.04:078][496]LogModuleManager: Shutting down and abandoning module PerforceSourceControl (234)
[2020.01.15-15.13.04:078][496]LogModuleManager: Shutting down and abandoning module SourceControl (233)
[2020.01.15-15.13.04:078][496]LogModuleManager: Shutting down and abandoning module CLionSourceCodeAccess (230)
[2020.01.15-15.13.04:078][496]LogModuleManager: Shutting down and abandoning module RuntimePhysXCooking (228)
[2020.01.15-15.13.04:078][496]LogModuleManager: Shutting down and abandoning module PhysXVehiclesEditor (226)
[2020.01.15-15.13.04:078][496]LogModuleManager: Shutting down and abandoning module PhysXVehicles (224)
[2020.01.15-15.13.04:078][496]LogModuleManager: Shutting down and abandoning module LocationServicesBPLibrary (222)
[2020.01.15-15.13.04:078][496]LogModuleManager: Shutting down and abandoning module ImmediatePhysicsEditor (220)
[2020.01.15-15.13.04:078][496]LogModuleManager: Shutting down and abandoning module ImmediatePhysics (218)
[2020.01.15-15.13.04:078][496]LogModuleManager: Shutting down and abandoning module ActorSequence (216)
[2020.01.15-15.13.04:078][496]LogModuleManager: Shutting down and abandoning module UdpMessaging (214)
[2020.01.15-15.13.04:179][496]LogModuleManager: Shutting down and abandoning module TcpMessaging (212)
[2020.01.15-15.13.04:831][496]LogModuleManager: Shutting down and abandoning module GameplayTagsEditor (210)
[2020.01.15-15.13.04:832][496]LogModuleManager: Shutting down and abandoning module FacialAnimation (208)
[2020.01.15-15.13.04:832][496]LogModuleManager: Shutting down and abandoning module DataValidation (206)
[2020.01.15-15.13.04:832][496]LogModuleManager: Shutting down and abandoning module AssetManagerEditor (204)
[2020.01.15-15.13.04:832][496]LogModuleManager: Shutting down and abandoning module TreeMap (203)
[2020.01.15-15.13.04:832][496]LogModuleManager: Shutting down and abandoning module LightPropagationVolumeRuntime (200)
[2020.01.15-15.13.04:832][496]LogModuleManager: Shutting down and abandoning module LiveLink (198)
[2020.01.15-15.13.05:668][496]LogModuleManager: Shutting down and abandoning module Paper2D (196)
[2020.01.15-15.13.05:668][496]LogModuleManager: Shutting down and abandoning module PIEPreviewDeviceProfileSelector (194)
[2020.01.15-15.13.05:668][496]LogModuleManager: Shutting down and abandoning module WindowsMoviePlayer (192)
[2020.01.15-15.13.05:668][496]LogModuleManager: Shutting down and abandoning module WmfMedia (190)
[2020.01.15-15.13.05:669][496]LogModuleManager: Shutting down and abandoning module Media (189)
[2020.01.15-15.13.05:676][496]LogModuleManager: Shutting down and abandoning module PacketHandler (186)
[2020.01.15-15.13.05:676][496]LogModuleManager: Shutting down and abandoning module ClothingSystemEditor (184)
[2020.01.15-15.13.05:676][496]LogModuleManager: Shutting down and abandoning module ClothingSystemRuntime (182)
[2020.01.15-15.13.05:676][496]LogModuleManager: Shutting down and abandoning module MediaAssets (180)
[2020.01.15-15.13.05:676][496]LogModuleManager: Shutting down and abandoning module Overlay (178)
[2020.01.15-15.13.05:676][496]LogModuleManager: Shutting down and abandoning module OverlayEditor (177)
[2020.01.15-15.13.05:676][496]LogModuleManager: Shutting down and abandoning module VREditor (174)
[2020.01.15-15.13.05:676][496]LogModuleManager: Shutting down and abandoning module StringTableEditor (172)
[2020.01.15-15.13.05:676][496]LogModuleManager: Shutting down and abandoning module GameplayTasksEditor (170)
[2020.01.15-15.13.05:676][496]LogModuleManager: Shutting down and abandoning module BehaviorTreeEditor (168)
[2020.01.15-15.13.05:676][496]LogModuleManager: Shutting down and abandoning module FunctionalTesting (166)
[2020.01.15-15.13.05:676][496]LogModuleManager: Shutting down and abandoning module CollisionAnalyzer (164)
[2020.01.15-15.13.05:676][496]LogModuleManager: Shutting down and abandoning module WorkspaceMenuStructure (163)
[2020.01.15-15.13.05:676][496]LogModuleManager: Shutting down and abandoning module UMG (160)
[2020.01.15-15.13.05:676][496]LogModuleManager: Shutting down and abandoning module UMGEditor (159)
[2020.01.15-15.13.05:676][496]LogModuleManager: Shutting down and abandoning module Sequencer (158)
[2020.01.15-15.13.05:676][496]LogModuleManager: Shutting down and abandoning module MessageLog (155)
[2020.01.15-15.13.05:676][496]LogModuleManager: Shutting down and abandoning module SlateReflector (150)
[2020.01.15-15.13.05:676][496]LogModuleManager: Shutting down and abandoning module Slate (148)
[2020.01.15-15.13.05:676][496]LogModuleManager: Shutting down and abandoning module EditorStyle (146)
[2020.01.15-15.13.05:677][496]LogModuleManager: Shutting down and abandoning module MRMesh (144)
[2020.01.15-15.13.05:677][496]LogModuleManager: Shutting down and abandoning module Messaging (142)
[2020.01.15-15.13.05:677][496]LogModuleManager: Shutting down and abandoning module SourceCodeAccess (140)
[2020.01.15-15.13.05:677][496]LogModuleManager: Shutting down and abandoning module HeadMountedDisplay (138)
[2020.01.15-15.13.05:677][496]LogModuleManager: Shutting down and abandoning module XAudio2 (136)
[2020.01.15-15.13.05:677][496]LogModuleManager: Shutting down and abandoning module Networking (134)
[2020.01.15-15.13.05:677][496]LogModuleManager: Shutting down and abandoning module Core (132)
[2020.01.15-15.13.05:677][496]LogModuleManager: Shutting down and abandoning module LevelSequence (130)
[2020.01.15-15.13.05:678][496]LogModuleManager: Shutting down and abandoning module KismetCompiler (128)
[2020.01.15-15.13.05:678][496]LogModuleManager: Shutting down and abandoning module MeshUtilities (126)
[2020.01.15-15.13.05:678][496]LogModuleManager: Shutting down and abandoning module MeshMergeUtilities (125)
[2020.01.15-15.13.05:678][496]LogModuleManager: Shutting down and abandoning module MeshReductionInterface (124)
[2020.01.15-15.13.05:678][496]LogModuleManager: Shutting down and abandoning module SimplygonSwarm (123)
[2020.01.15-15.13.05:678][496]LogModuleManager: Shutting down and abandoning module SimplygonMeshReduction (121)
[2020.01.15-15.13.05:678][496]LogModuleManager: Shutting down and abandoning module QuadricMeshReduction (119)
[2020.01.15-15.13.05:678][496]LogModuleManager: Shutting down and abandoning module MaterialBaking (115)
[2020.01.15-15.13.05:678][496]LogModuleManager: Shutting down and abandoning module DerivedDataCache (110)
[2020.01.15-15.13.05:732][496]LogDerivedDataCache: Shutdown
[2020.01.15-15.13.05:732][496]LogModuleManager: Shutting down and abandoning module XGEController (108)
[2020.01.15-15.13.05:732][496]LogModuleManager: Shutting down and abandoning module TargetPlatform (106)
[2020.01.15-15.13.05:732][496]LogModuleManager: Shutting down and abandoning module VulkanShaderFormat (105)
[2020.01.15-15.13.05:732][496]LogModuleManager: Shutting down and abandoning module ShaderFormatVectorVM (103)
[2020.01.15-15.13.05:732][496]LogModuleManager: Shutting down and abandoning module ShaderFormatOpenGL (101)
[2020.01.15-15.13.05:732][496]LogModuleManager: Shutting down and abandoning module ShaderFormatD3D (99)
[2020.01.15-15.13.05:732][496]LogModuleManager: Shutting down and abandoning module MetalShaderFormat (97)
[2020.01.15-15.13.05:732][496]LogModuleManager: Shutting down and abandoning module TextureFormatUncompressed (95)
[2020.01.15-15.13.05:732][496]LogModuleManager: Shutting down and abandoning module TextureFormatPVR (93)
[2020.01.15-15.13.05:733][496]LogModuleManager: Shutting down and abandoning module TextureFormatDXT (91)
[2020.01.15-15.13.05:733][496]LogModuleManager: Shutting down and abandoning module TextureFormatIntelISPCTexComp (89)
[2020.01.15-15.13.05:733][496]LogModuleManager: Shutting down and abandoning module TextureFormatASTC (87)
[2020.01.15-15.13.05:733][496]LogModuleManager: Shutting down and abandoning module ImageWrapper (86)
[2020.01.15-15.13.05:733][496]LogModuleManager: Shutting down and abandoning module TextureFormatAndroid (83)
[2020.01.15-15.13.05:733][496]LogModuleManager: Shutting down and abandoning module AudioFormatOpus (81)
[2020.01.15-15.13.05:733][496]LogModuleManager: Shutting down and abandoning module AudioFormatOgg (79)
[2020.01.15-15.13.05:733][496]LogModuleManager: Shutting down and abandoning module AudioFormatADPCM (77)
[2020.01.15-15.13.05:733][496]LogModuleManager: Shutting down and abandoning module WindowsTargetPlatform (75)
[2020.01.15-15.13.05:733][496]LogModuleManager: Shutting down and abandoning module WindowsServerTargetPlatform (73)
[2020.01.15-15.13.05:733][496]LogModuleManager: Shutting down and abandoning module WindowsNoEditorTargetPlatform (71)
[2020.01.15-15.13.05:733][496]LogModuleManager: Shutting down and abandoning module WindowsClientTargetPlatform (69)
[2020.01.15-15.13.05:733][496]LogModuleManager: Shutting down and abandoning module InputCore (66)
[2020.01.15-15.13.05:733][496]LogModuleManager: Shutting down and abandoning module Settings (64)
[2020.01.15-15.13.05:733][496]LogModuleManager: Shutting down and abandoning module PhysXCooking (62)
[2020.01.15-15.13.05:733][496]LogModuleManager: Shutting down and abandoning module SteamVR (60)
[2020.01.15-15.13.05:733][496]LogModuleManager: Shutting down and abandoning module OculusHMD (58)
[2020.01.15-15.13.05:733][496]LogModuleManager: Shutting down and abandoning module ExampleDeviceProfileSelector (56)
[2020.01.15-15.13.05:733][496]LogModuleManager: Shutting down and abandoning module AppleARKit (54)
[2020.01.15-15.13.05:733][496]LogModuleManager: Shutting down and abandoning module AugmentedReality (51)
[2020.01.15-15.13.05:733][496]LogModuleManager: Shutting down and abandoning module OnlineBlueprintSupport (48)
[2020.01.15-15.13.05:733][496]LogModuleManager: Shutting down and abandoning module OnlineSubsystem (44)
[2020.01.15-15.13.05:733][496]LogModuleManager: Shutting down and abandoning module XMPP (43)
[2020.01.15-15.13.05:733][496]LogModuleManager: Shutting down and abandoning module HTTP (41)
[2020.01.15-15.13.05:740][496]LogModuleManager: Shutting down and abandoning module SSL (40)
[2020.01.15-15.13.05:742][496]LogModuleManager: Shutting down and abandoning module AnimationModifiers (36)
[2020.01.15-15.13.05:742][496]LogModuleManager: Shutting down and abandoning module PropertyEditor (35)
[2020.01.15-15.13.05:742][496]LogModuleManager: Shutting down and abandoning module AudioEditor (32)
[2020.01.15-15.13.05:742][496]LogModuleManager: Shutting down and abandoning module TextureCompressor (30)
[2020.01.15-15.13.05:742][496]LogModuleManager: Shutting down and abandoning module ShaderCore (28)
[2020.01.15-15.13.05:742][496]LogModuleManager: Shutting down and abandoning module Landscape (26)
[2020.01.15-15.13.05:742][496]LogModuleManager: Shutting down and abandoning module SlateRHIRenderer (24)
[2020.01.15-15.13.05:742][496]LogModuleManager: Shutting down and abandoning module OpenGLDrv (22)
[2020.01.15-15.13.05:742][496]LogModuleManager: Shutting down and abandoning module D3D11RHI (20)
[2020.01.15-15.13.05:742][496]LogModuleManager: Shutting down and abandoning module AnimGraphRuntime (18)
[2020.01.15-15.13.05:742][496]LogModuleManager: Shutting down and abandoning module Renderer (16)
[2020.01.15-15.13.05:742][496]LogModuleManager: Shutting down and abandoning module Engine (14)
[2020.01.15-15.13.05:742][496]LogModuleManager: Shutting down and abandoning module CoreUObject (12)
[2020.01.15-15.13.05:742][496]LogModuleManager: Shutting down and abandoning module NetworkFile (10)
[2020.01.15-15.13.05:742][496]LogModuleManager: Shutting down and abandoning module CookedIterativeFile (8)
[2020.01.15-15.13.05:742][496]LogModuleManager: Shutting down and abandoning module StreamingFile (6)
[2020.01.15-15.13.05:742][496]LogModuleManager: Shutting down and abandoning module SandboxFile (4)
[2020.01.15-15.13.05:742][496]LogModuleManager: Shutting down and abandoning module PakFile (2)
[2020.01.15-15.13.05:745][496]LogExit: Exiting.
[2020.01.15-15.13.05:747][496]Log file closed, 01/15/20 15:13:05
